\BOOKMARK [1][-]{section.1}{Inngangur}{}% 1
\BOOKMARK [1][-]{section.2}{Notkun og uppsetning}{}% 2
\BOOKMARK [1][-]{section.3}{M\341lfr\346\360i}{}% 3
\BOOKMARK [2][-]{subsection.3.1}{Frumeiningar m\341lsins}{section.3}% 4
\BOOKMARK [3][-]{subsubsection.3.1.1}{Athugasemdir}{subsection.3.1}% 5
\BOOKMARK [3][-]{subsubsection.3.1.2}{Lykilor\360}{subsection.3.1}% 6
\BOOKMARK [2][-]{subsection.3.2}{M\341ll\375sing}{section.3}% 7
\BOOKMARK [1][-]{section.4}{Merking m\341lsins}{}% 8
\BOOKMARK [2][-]{subsection.4.1}{Einingar og einingara\360ger\360ir}{section.4}% 9
\BOOKMARK [2][-]{subsection.4.2}{Gildi}{section.4}% 10
\BOOKMARK [2][-]{subsection.4.3}{Breytur}{section.4}% 11
\BOOKMARK [2][-]{subsection.4.4}{Merking seg\360a}{section.4}% 12
\BOOKMARK [3][-]{subsubsection.4.4.1}{Heilt\366luseg\360}{subsection.4.4}% 13
\BOOKMARK [3][-]{subsubsection.4.4.2}{Fleytit\366luseg\360}{subsection.4.4}% 14
\BOOKMARK [3][-]{subsubsection.4.4.3}{Stafseg\360}{subsection.4.4}% 15
\BOOKMARK [3][-]{subsubsection.4.4.4}{Strengseg\360}{subsection.4.4}% 16
\BOOKMARK [3][-]{subsubsection.4.4.5}{Listaseg\360}{subsection.4.4}% 17
\BOOKMARK [3][-]{subsubsection.4.4.6}{return-seg\360}{subsection.4.4}% 18
\BOOKMARK [3][-]{subsubsection.4.4.7}{R\366kseg\360ir}{subsection.4.4}% 19
\BOOKMARK [3][-]{subsubsection.4.4.8}{Kallseg\360}{subsection.4.4}% 20
\BOOKMARK [3][-]{subsubsection.4.4.9}{Tv\355undara\360ger\360ir}{subsection.4.4}% 21
\BOOKMARK [3][-]{subsubsection.4.4.10}{Einundara\360ger\360ir}{subsection.4.4}% 22
\BOOKMARK [3][-]{subsubsection.4.4.11}{if-seg\360}{subsection.4.4}% 23
\BOOKMARK [3][-]{subsubsection.4.4.12}{while-seg\360}{subsection.4.4}% 24
\BOOKMARK [1][-]{section.5}{Til hli\360sj\363nar ... hendi\360 \376essu eftir notkun}{}% 25
\BOOKMARK [2][-]{subsection.5.1}{M\341ll\375sing me\360 syntax pakkanum \355 LaTeX}{section.5}% 26
\BOOKMARK [2][-]{subsection.5.2}{\335mis m\341lrit me\360 hj\341lp syntax pakkans \355 LaTeX}{section.5}% 27
\BOOKMARK [3][-]{subsubsection.5.2.1}{Forrit}{subsection.5.2}% 28
\BOOKMARK [3][-]{subsubsection.5.2.2}{F\366ll}{subsection.5.2}% 29
\BOOKMARK [3][-]{subsubsection.5.2.3}{Stofnar}{subsection.5.2}% 30
\BOOKMARK [3][-]{subsubsection.5.2.4}{Skilgreiningar}{subsection.5.2}% 31
\BOOKMARK [3][-]{subsubsection.5.2.5}{Seg\360ir}{subsection.5.2}% 32
\BOOKMARK [3][-]{subsubsection.5.2.6}{Annar m\366guleiki}{subsection.5.2}% 33
